# JRE version: Java(TM) SE Runtime Environment (8.0_60-b27) (build 1.8.0_60-b27)
# Java VM: Java HotSpot(TM) 64-Bit Server VM (25.60-b23 mixed mode windows-amd64 compressed oops)
Heap:
 PSYoungGen      total 936960K, used 306652K [0x000000076af00000, 0x00000007b5680000, 0x00000007c0000000)
  eden space 916480K, 31% used [0x000000076af00000,0x000000077c67b480,0x00000007a2e00000)
  from space 20480K, 99% used [0x00000007a6800000,0x00000007a7bfbc88,0x00000007a7c00000)
  to   space 59392K, 0% used [0x00000007a2e00000,0x00000007a2e00000,0x00000007a6800000)
 ParOldGen       total 175616K, used 114465K [0x00000006c0c00000, 0x00000006cb780000, 0x000000076af00000)
  object space 175616K, 65% used [0x00000006c0c00000,0x00000006c7bc87f8,0x00000006cb780000)
 Metaspace       used 34749K, capacity 35001K, committed 35328K, reserved 1079296K
  class space    used 4420K, capacity 4497K, committed 4608K, reserved 1048576K
GC Heap History (10 events):
Event: 3.723 GC heap before
{Heap before GC invocations=10 (full 1):
 PSYoungGen      total 509952K, used 80923K [0x000000076af00000, 0x000000078d800000, 0x00000007c0000000)
  eden space 476672K, 10% used [0x000000076af00000,0x000000076dd8ed70,0x0000000788080000)
  from space 33280K, 99% used [0x000000078a880000,0x000000078c8f8180,0x000000078c900000)
  to   space 40960K, 0% used [0x0000000788080000,0x0000000788080000,0x000000078a880000)
 ParOldGen       total 175104K, used 62536K [0x00000006c0c00000, 0x00000006cb700000, 0x000000076af00000)
  object space 175104K, 35% used [0x00000006c0c00000,0x00000006c49122e0,0x00000006cb700000)
 Metaspace       used 20858K, capacity 21058K, committed 21248K, reserved 1067008K
  class space    used 2709K, capacity 2789K, committed 2816K, reserved 1048576K
Event: 3.749 GC heap after
Heap after GC invocations=10 (full 1):
 PSYoungGen      total 517632K, used 29960K [0x000000076af00000, 0x00000007aa500000, 0x00000007c0000000)
  eden space 476672K, 0% used [0x000000076af00000,0x000000076af00000,0x0000000788080000)
  from space 40960K, 73% used [0x0000000788080000,0x0000000789dc2358,0x000000078a880000)
  to   space 42496K, 0% used [0x00000007a7b80000,0x00000007a7b80000,0x00000007aa500000)
 ParOldGen       total 175104K, used 67874K [0x00000006c0c00000, 0x00000006cb700000, 0x000000076af00000)
  object space 175104K, 38% used [0x00000006c0c00000,0x00000006c4e489a0,0x00000006cb700000)
 Metaspace       used 20858K, capacity 21058K, committed 21248K, reserved 1067008K
  class space    used 2709K, capacity 2789K, committed 2816K, reserved 1048576K
}
Event: 3.749 GC heap before
{Heap before GC invocations=11 (full 2):
 PSYoungGen      total 517632K, used 29960K [0x000000076af00000, 0x00000007aa500000, 0x00000007c0000000)
  eden space 476672K, 0% used [0x000000076af00000,0x000000076af00000,0x0000000788080000)
  from space 40960K, 73% used [0x0000000788080000,0x0000000789dc2358,0x000000078a880000)
  to   space 42496K, 0% used [0x00000007a7b80000,0x00000007a7b80000,0x00000007aa500000)
 ParOldGen       total 175104K, used 67874K [0x00000006c0c00000, 0x00000006cb700000, 0x000000076af00000)
  object space 175104K, 38% used [0x00000006c0c00000,0x00000006c4e489a0,0x00000006cb700000)
 Metaspace       used 20858K, capacity 21058K, committed 21248K, reserved 1067008K
  class space    used 2709K, capacity 2789K, committed 2816K, reserved 1048576K
Event: 3.891 GC heap after
Heap after GC invocations=11 (full 2):
 PSYoungGen      total 517632K, used 0K [0x000000076af00000, 0x00000007aa500000, 0x00000007c0000000)
  eden space 476672K, 0% used [0x000000076af00000,0x000000076af00000,0x0000000788080000)
  from space 40960K, 0% used [0x0000000788080000,0x0000000788080000,0x000000078a880000)
  to   space 42496K, 0% used [0x00000007a7b80000,0x00000007a7b80000,0x00000007aa500000)
 ParOldGen       total 175616K, used 71196K [0x00000006c0c00000, 0x00000006cb780000, 0x000000076af00000)
  object space 175616K, 40% used [0x00000006c0c00000,0x00000006c51871d8,0x00000006cb780000)
 Metaspace       used 20858K, capacity 21058K, committed 21248K, reserved 1067008K
  class space    used 2709K, capacity 2789K, committed 2816K, reserved 1048576K
}
Event: 5.944 GC heap before
{Heap before GC invocations=12 (full 2):
 PSYoungGen      total 517632K, used 476672K [0x000000076af00000, 0x00000007aa500000, 0x00000007c0000000)
  eden space 476672K, 100% used [0x000000076af00000,0x0000000788080000,0x0000000788080000)
  from space 40960K, 0% used [0x0000000788080000,0x0000000788080000,0x000000078a880000)
  to   space 42496K, 0% used [0x00000007a7b80000,0x00000007a7b80000,0x00000007aa500000)
 ParOldGen       total 175616K, used 71196K [0x00000006c0c00000, 0x00000006cb780000, 0x000000076af00000)
  object space 175616K, 40% used [0x00000006c0c00000,0x00000006c51871d8,0x00000006cb780000)
 Metaspace       used 27445K, capacity 27753K, committed 28032K, reserved 1073152K
  class space    used 3517K, capacity 3623K, committed 3712K, reserved 1048576K
Event: 5.966 GC heap after
Heap after GC invocations=12 (full 2):
 PSYoungGen      total 684032K, used 37484K [0x000000076af00000, 0x00000007aa080000, 0x00000007c0000000)
  eden space 646144K, 0% used [0x000000076af00000,0x000000076af00000,0x0000000792600000)
  from space 37888K, 98% used [0x00000007a7b80000,0x00000007aa01b278,0x00000007aa080000)
  to   space 46080K, 0% used [0x00000007a4680000,0x00000007a4680000,0x00000007a7380000)
 ParOldGen       total 175616K, used 71204K [0x00000006c0c00000, 0x00000006cb780000, 0x000000076af00000)
  object space 175616K, 40% used [0x00000006c0c00000,0x00000006c51891d8,0x00000006cb780000)
 Metaspace       used 27445K, capacity 27753K, committed 28032K, reserved 1073152K
  class space    used 3517K, capacity 3623K, committed 3712K, reserved 1048576K
}
Event: 8.122 GC heap before
{Heap before GC invocations=13 (full 2):
 PSYoungGen      total 684032K, used 683628K [0x000000076af00000, 0x00000007aa080000, 0x00000007c0000000)
  eden space 646144K, 100% used [0x000000076af00000,0x0000000792600000,0x0000000792600000)
  from space 37888K, 98% used [0x00000007a7b80000,0x00000007aa01b278,0x00000007aa080000)
  to   space 46080K, 0% used [0x00000007a4680000,0x00000007a4680000,0x00000007a7380000)
 ParOldGen       total 175616K, used 71204K [0x00000006c0c00000, 0x00000006cb780000, 0x000000076af00000)
  object space 175616K, 40% used [0x00000006c0c00000,0x00000006c51891d8,0x00000006cb780000)
 Metaspace       used 32077K, capacity 32345K, committed 32640K, reserved 1077248K
  class space    used 4064K, capacity 4145K, committed 4224K, reserved 1048576K
Event: 8.151 GC heap after
Heap after GC invocations=13 (full 2):
 PSYoungGen      total 887808K, used 33892K [0x000000076af00000, 0x00000007a7c00000, 0x00000007c0000000)
  eden space 853504K, 0% used [0x000000076af00000,0x000000076af00000,0x000000079f080000)
  from space 34304K, 98% used [0x00000007a4680000,0x00000007a6799010,0x00000007a6800000)
  to   space 20480K, 0% used [0x00000007a6800000,0x00000007a6800000,0x00000007a7c00000)
 ParOldGen       total 175616K, used 71212K [0x00000006c0c00000, 0x00000006cb780000, 0x000000076af00000)
  object space 175616K, 40% used [0x00000006c0c00000,0x00000006c518b1d8,0x00000006cb780000)
 Metaspace       used 32077K, capacity 32345K, committed 32640K, reserved 1077248K
  class space    used 4064K, capacity 4145K, committed 4224K, reserved 1048576K
}
Event: 10.523 GC heap before
{Heap before GC invocations=14 (full 2):
 PSYoungGen      total 887808K, used 887396K [0x000000076af00000, 0x00000007a7c00000, 0x00000007c0000000)
  eden space 853504K, 100% used [0x000000076af00000,0x000000079f080000,0x000000079f080000)
  from space 34304K, 98% used [0x00000007a4680000,0x00000007a6799010,0x00000007a6800000)
  to   space 20480K, 0% used [0x00000007a6800000,0x00000007a6800000,0x00000007a7c00000)
 ParOldGen       total 175616K, used 71212K [0x00000006c0c00000, 0x00000006cb780000, 0x000000076af00000)
  object space 175616K, 40% used [0x00000006c0c00000,0x00000006c518b1d8,0x00000006cb780000)
 Metaspace       used 33000K, capacity 33209K, committed 33536K, reserved 1079296K
  class space    used 4142K, capacity 4241K, committed 4352K, reserved 1048576K
Event: 10.554 GC heap after
Heap after GC invocations=14 (full 2):
 PSYoungGen      total 936960K, used 20463K [0x000000076af00000, 0x00000007b5680000, 0x00000007c0000000)
  eden space 916480K, 0% used [0x000000076af00000,0x000000076af00000,0x00000007a2e00000)
  from space 20480K, 99% used [0x00000007a6800000,0x00000007a7bfbc88,0x00000007a7c00000)
  to   space 59392K, 0% used [0x00000007a2e00000,0x00000007a2e00000,0x00000007a6800000)
 ParOldGen       total 175616K, used 114465K [0x00000006c0c00000, 0x00000006cb780000, 0x000000076af00000)
  object space 175616K, 65% used [0x00000006c0c00000,0x00000006c7bc87f8,0x00000006cb780000)
 Metaspace       used 33000K, capacity 33209K, committed 33536K, reserved 1079296K
  class space    used 4142K, capacity 4241K, committed 4352K, reserved 1048576K
}

